# JRE version: Java(TM) SE Runtime Environment (8.0_181-b13) (build 1.8.0_181-b13)
# Java VM: Java HotSpot(TM) 64-Bit Server VM (25.181-b13 mixed mode bsd-amd64 compressed oops)
Heap:
 PSYoungGen      total 403456K, used 67056K [0x000000076ab00000, 0x0000000786780000, 0x00000007c0000000)
  eden space 375808K, 17% used [0x000000076ab00000,0x000000076ec7c040,0x0000000781a00000)
  from space 27648K, 0% used [0x0000000781a00000,0x0000000781a00000,0x0000000783500000)
  to   space 26624K, 0% used [0x0000000784d80000,0x0000000784d80000,0x0000000786780000)
 ParOldGen       total 304640K, used 56829K [0x00000006c0000000, 0x00000006d2980000, 0x000000076ab00000)
  object space 304640K, 18% used [0x00000006c0000000,0x00000006c377f7b8,0x00000006d2980000)
 Metaspace       used 59745K, capacity 61974K, committed 62128K, reserved 1103872K
  class space    used 7384K, capacity 7799K, committed 7856K, reserved 1048576K
GC Heap History (10 events):
Event: 3.019 GC heap before
{Heap before GC invocations=8 (full 1):
 PSYoungGen      total 287744K, used 146683K [0x000000076ab00000, 0x000000077df00000, 0x00000007c0000000)
  eden space 261632K, 56% used [0x000000076ab00000,0x0000000773a3ef80,0x000000077aa80000)
  from space 26112K, 0% used [0x000000077c480000,0x000000077c480000,0x000000077de00000)
  to   space 26624K, 0% used [0x000000077aa80000,0x000000077aa80000,0x000000077c480000)
 ParOldGen       total 154112K, used 40872K [0x00000006c0000000, 0x00000006c9680000, 0x000000076ab00000)
  object space 154112K, 26% used [0x00000006c0000000,0x00000006c27ea0f8,0x00000006c9680000)
 Metaspace       used 34269K, capacity 35292K, committed 35496K, reserved 1081344K
  class space    used 4298K, capacity 4564K, committed 4656K, reserved 1048576K
Event: 3.029 GC heap after
Heap after GC invocations=8 (full 1):
 PSYoungGen      total 288256K, used 14651K [0x000000076ab00000, 0x0000000785280000, 0x00000007c0000000)
  eden space 261632K, 0% used [0x000000076ab00000,0x000000076ab00000,0x000000077aa80000)
  from space 26624K, 55% used [0x000000077aa80000,0x000000077b8cec20,0x000000077c480000)
  to   space 25600K, 0% used [0x0000000783980000,0x0000000783980000,0x0000000785280000)
 ParOldGen       total 154112K, used 40880K [0x00000006c0000000, 0x00000006c9680000, 0x000000076ab00000)
  object space 154112K, 26% used [0x00000006c0000000,0x00000006c27ec0f8,0x00000006c9680000)
 Metaspace       used 34269K, capacity 35292K, committed 35496K, reserved 1081344K
  class space    used 4298K, capacity 4564K, committed 4656K, reserved 1048576K
}
Event: 3.029 GC heap before
{Heap before GC invocations=9 (full 2):
 PSYoungGen      total 288256K, used 14651K [0x000000076ab00000, 0x0000000785280000, 0x00000007c0000000)
  eden space 261632K, 0% used [0x000000076ab00000,0x000000076ab00000,0x000000077aa80000)
  from space 26624K, 55% used [0x000000077aa80000,0x000000077b8cec20,0x000000077c480000)
  to   space 25600K, 0% used [0x0000000783980000,0x0000000783980000,0x0000000785280000)
 ParOldGen       total 154112K, used 40880K [0x00000006c0000000, 0x00000006c9680000, 0x000000076ab00000)
  object space 154112K, 26% used [0x00000006c0000000,0x00000006c27ec0f8,0x00000006c9680000)
 Metaspace       used 34269K, capacity 35292K, committed 35496K, reserved 1081344K
  class space    used 4298K, capacity 4564K, committed 4656K, reserved 1048576K
Event: 3.074 GC heap after
Heap after GC invocations=9 (full 2):
 PSYoungGen      total 288256K, used 0K [0x000000076ab00000, 0x0000000785280000, 0x00000007c0000000)
  eden space 261632K, 0% used [0x000000076ab00000,0x000000076ab00000,0x000000077aa80000)
  from space 26624K, 0% used [0x000000077aa80000,0x000000077aa80000,0x000000077c480000)
  to   space 25600K, 0% used [0x0000000783980000,0x0000000783980000,0x0000000785280000)
 ParOldGen       total 229376K, used 51035K [0x00000006c0000000, 0x00000006ce000000, 0x000000076ab00000)
  object space 229376K, 22% used [0x00000006c0000000,0x00000006c31d6ee8,0x00000006ce000000)
 Metaspace       used 34266K, capacity 35280K, committed 35496K, reserved 1081344K
  class space    used 4297K, capacity 4562K, committed 4656K, reserved 1048576K
}
Event: 4.705 GC heap before
{Heap before GC invocations=10 (full 2):
 PSYoungGen      total 288256K, used 261632K [0x000000076ab00000, 0x0000000785280000, 0x00000007c0000000)
  eden space 261632K, 100% used [0x000000076ab00000,0x000000077aa80000,0x000000077aa80000)
  from space 26624K, 0% used [0x000000077aa80000,0x000000077aa80000,0x000000077c480000)
  to   space 25600K, 0% used [0x0000000783980000,0x0000000783980000,0x0000000785280000)
 ParOldGen       total 229376K, used 51035K [0x00000006c0000000, 0x00000006ce000000, 0x000000076ab00000)
  object space 229376K, 22% used [0x00000006c0000000,0x00000006c31d6ee8,0x00000006ce000000)
 Metaspace       used 50586K, capacity 52662K, committed 52912K, reserved 1095680K
  class space    used 6346K, capacity 6729K, committed 6832K, reserved 1048576K
Event: 4.720 GC heap after
Heap after GC invocations=10 (full 2):
 PSYoungGen      total 363008K, used 22930K [0x000000076ab00000, 0x0000000785000000, 0x00000007c0000000)
  eden space 339968K, 0% used [0x000000076ab00000,0x000000076ab00000,0x000000077f700000)
  from space 23040K, 99% used [0x0000000783980000,0x0000000784fe4898,0x0000000785000000)
  to   space 27648K, 0% used [0x0000000781a00000,0x0000000781a00000,0x0000000783500000)
 ParOldGen       total 229376K, used 51115K [0x00000006c0000000, 0x00000006ce000000, 0x000000076ab00000)
  object space 229376K, 22% used [0x00000006c0000000,0x00000006c31eaef8,0x00000006ce000000)
 Metaspace       used 50586K, capacity 52662K, committed 52912K, reserved 1095680K
  class space    used 6346K, capacity 6729K, committed 6832K, reserved 1048576K
}
Event: 5.178 GC heap before
{Heap before GC invocations=11 (full 2):
 PSYoungGen      total 363008K, used 106598K [0x000000076ab00000, 0x0000000785000000, 0x00000007c0000000)
  eden space 339968K, 24% used [0x000000076ab00000,0x000000076fcb5218,0x000000077f700000)
  from space 23040K, 99% used [0x0000000783980000,0x0000000784fe4898,0x0000000785000000)
  to   space 27648K, 0% used [0x0000000781a00000,0x0000000781a00000,0x0000000783500000)
 ParOldGen       total 229376K, used 51115K [0x00000006c0000000, 0x00000006ce000000, 0x000000076ab00000)
  object space 229376K, 22% used [0x00000006c0000000,0x00000006c31eaef8,0x00000006ce000000)
 Metaspace       used 56943K, capacity 59032K, committed 59160K, reserved 1101824K
  class space    used 7147K, capacity 7528K, committed 7600K, reserved 1048576K
Event: 5.190 GC heap after
Heap after GC invocations=11 (full 2):
 PSYoungGen      total 403456K, used 18005K [0x000000076ab00000, 0x0000000786780000, 0x00000007c0000000)
  eden space 375808K, 0% used [0x000000076ab00000,0x000000076ab00000,0x0000000781a00000)
  from space 27648K, 65% used [0x0000000781a00000,0x0000000782b954d8,0x0000000783500000)
  to   space 26624K, 0% used [0x0000000784d80000,0x0000000784d80000,0x0000000786780000)
 ParOldGen       total 229376K, used 51123K [0x00000006c0000000, 0x00000006ce000000, 0x000000076ab00000)
  object space 229376K, 22% used [0x00000006c0000000,0x00000006c31ecef8,0x00000006ce000000)
 Metaspace       used 56943K, capacity 59032K, committed 59160K, reserved 1101824K
  class space    used 7147K, capacity 7528K, committed 7600K, reserved 1048576K
}
Event: 5.190 GC heap before
{Heap before GC invocations=12 (full 3):
 PSYoungGen      total 403456K, used 18005K [0x000000076ab00000, 0x0000000786780000, 0x00000007c0000000)
  eden space 375808K, 0% used [0x000000076ab00000,0x000000076ab00000,0x0000000781a00000)
  from space 27648K, 65% used [0x0000000781a00000,0x0000000782b954d8,0x0000000783500000)
  to   space 26624K, 0% used [0x0000000784d80000,0x0000000784d80000,0x0000000786780000)
 ParOldGen       total 229376K, used 51123K [0x00000006c0000000, 0x00000006ce000000, 0x000000076ab00000)
  object space 229376K, 22% used [0x00000006c0000000,0x00000006c31ecef8,0x00000006ce000000)
 Metaspace       used 56943K, capacity 59032K, committed 59160K, reserved 1101824K
  class space    used 7147K, capacity 7528K, committed 7600K, reserved 1048576K
Event: 5.329 GC heap after
Heap after GC invocations=12 (full 3):
 PSYoungGen      total 403456K, used 0K [0x000000076ab00000, 0x0000000786780000, 0x00000007c0000000)
  eden space 375808K, 0% used [0x000000076ab00000,0x000000076ab00000,0x0000000781a00000)
  from space 27648K, 0% used [0x0000000781a00000,0x0000000781a00000,0x0000000783500000)
  to   space 26624K, 0% used [0x0000000784d80000,0x0000000784d80000,0x0000000786780000)
 ParOldGen       total 304640K, used 56829K [0x00000006c0000000, 0x00000006d2980000, 0x000000076ab00000)
  object space 304640K, 18% used [0x00000006c0000000,0x00000006c377f7b8,0x00000006d2980000)
 Metaspace       used 56943K, capacity 59032K, committed 59160K, reserved 1101824K
  class space    used 7147K, capacity 7528K, committed 7600K, reserved 1048576K
}

